11:24:49.154 request:
1 > GET https://reqres.in/api/users?page=2
1 > Accept-Encoding: gzip,deflate
1 > Connection: Keep-Alive
1 > Host: reqres.in
1 > User-Agent: Apache-HttpClient/4.5.11 (Java/1.8.0_251)

11:24:50.438 response time in milliseconds: 1276.03
1 < 200
1 < Access-Control-Allow-Origin: *
1 < Age: 4291
1 < CF-Cache-Status: HIT
1 < CF-RAY: 5b5a6e07eb5ae23f-SIN
1 < Cache-Control: max-age=14400
1 < Connection: keep-alive
1 < Content-Type: application/json; charset=utf-8
1 < Date: Mon, 20 Jul 2020 05:54:50 GMT
1 < Etag: W/"4dd-IPv5LdOOb6s5S9E3i59wBCJ1k/0"
1 < Expect-CT: max-age=604800, report-uri="https://report-uri.cloudflare.com/cdn-cgi/beacon/expect-ct"
1 < Server: cloudflare
1 < Set-Cookie: __cfduid=d3a9ce85e724b72bf2a7322dad5fb208b1595224490; expires=Wed, 19-Aug-20 05:54:50 GMT; path=/; domain=.reqres.in; HttpOnly; SameSite=Lax; Secure
1 < Transfer-Encoding: chunked
1 < Vary: Accept-Encoding
1 < Via: 1.1 vegur
1 < X-Powered-By: Express
1 < cf-request-id: 040c6318f50000e23f7cb69200000001
{"page":2,"per_page":6,"total":12,"total_pages":2,"data":[{"id":7,"email":"michael.lawson@reqres.in","first_name":"Michael","last_name":"Lawson","avatar":"https://s3.amazonaws.com/uifaces/faces/twitter/follettkyle/128.jpg"},{"id":8,"email":"lindsay.ferguson@reqres.in","first_name":"Lindsay","last_name":"Ferguson","avatar":"https://s3.amazonaws.com/uifaces/faces/twitter/araa3185/128.jpg"},{"id":9,"email":"tobias.funke@reqres.in","first_name":"Tobias","last_name":"Funke","avatar":"https://s3.amazonaws.com/uifaces/faces/twitter/vivekprvr/128.jpg"},{"id":10,"email":"byron.fields@reqres.in","first_name":"Byron","last_name":"Fields","avatar":"https://s3.amazonaws.com/uifaces/faces/twitter/russoedu/128.jpg"},{"id":11,"email":"george.edwards@reqres.in","first_name":"George","last_name":"Edwards","avatar":"https://s3.amazonaws.com/uifaces/faces/twitter/mrmoiree/128.jpg"},{"id":12,"email":"rachel.howell@reqres.in","first_name":"Rachel","last_name":"Howell","avatar":"https://s3.amazonaws.com/uifaces/faces/twitter/hebertialmeida/128.jpg"}],"ad":{"company":"StatusCode Weekly","url":"http://statuscode.org/","text":"A weekly newsletter focusing on software development, infrastructure, the server, performance, and the stack end of things."}}

11:24:50.558 [print] last name is : Lawson
he stack end of things."}}

ST https://reqres.in/api/users
1 > Accept-Encoding: gzip,deflate
1 > Connection: Keep-Alive
1 > Content-Length: 26
1 > Content-Type: text/plain; charset=UTF-8
1 > Host: reqres.in
1 > User-Agent: Apache-HttpClient/4.5.11 (Java/1.8.0_251)
{"name":<name>,"job":buss}

10:53:58.464 response time in milliseconds: 785.78
1 < 201
1 < Access-Control-Allow-Origin: *
1 < CF-Cache-Status: DYNAMIC
1 < CF-RAY: 5b5a40cf6ee5dd22-SIN
1 < Connection: keep-alive
1 < Content-Length: 51
1 < Content-Type: application/json; charset=utf-8
1 < Date: Mon, 20 Jul 2020 05:23:58 GMT
1 < Etag: W/"33-6luAntKsmuq/NIqgjOqtFU1R1Fo"
1 < Expect-CT: max-age=604800, report-uri="https://report-uri.cloudflare.com/cdn-cgi/beacon/expect-ct"
1 < Server: cloudflare
1 < Set-Cookie: __cfduid=d66770e888d5c114c99889b9d6856d51e1595222638; expires=Wed, 19-Aug-20 05:23:58 GMT; path=/; domain=.reqres.in; HttpOnly; SameSite=Lax; Secure
1 < Via: 1.1 vegur
1 < X-Powered-By: Express
1 < cf-request-id: 040c46d5a50000dd22f326e200000001
{"id":"960","createdAt":"2020-07-20T05:23:58.283Z"}

10:53:58.468 [print] Scenario outline test case with csv file
10:53:58.469 [print] {
  "createdAt": "2020-07-20T05:23:58.283Z",
  "id": "960"
}

